[2019-12-07 12:06:19] local.ERROR: Command "make:" is ambiguous.
Did you mean one of these?
    make:auth         Scaffold basic login and registration views and routes
    make:channel      Create a new channel class
    make:command      Create a new Artisan command
    make:controller   Create a new controller class
    make:event        Create a new event class
    make:exception    Create a new custom exception class
    make:factory      Create a new model factory
    make:job          Create a new job class
    make:listener     Create a new event listener class
    make:mail         Create a new email class
    make:middleware   Create a new middleware class
    make:migration    Create a new migration file
    make:model        Create a new Eloquent model class
    make:notification Create a new notification class
    make:observer     Create a new observer class
    make:policy       Create a new policy class
    make:provider     Create a new service provider class
    make:request      Create a new form request class
    make:resource     Create a new resource
    make:rule         Create a new validation rule
    make:seeder       Create a new seeder class
    make:test         Create a new test class {"exception":"[object] (Symfony\\Component\\Console\\Exception\\CommandNotFoundException(code: 0): Command \"make:\" is ambiguous.
Did you mean one of these?
    make:auth         Scaffold basic login and registration views and routes
    make:channel      Create a new channel class
    make:command      Create a new Artisan command
    make:controller   Create a new controller class
    make:event        Create a new event class
    make:exception    Create a new custom exception class
    make:factory      Create a new model factory
    make:job          Create a new job class
    make:listener     Create a new event listener class
    make:mail         Create a new email class
    make:middleware   Create a new middleware class
    make:migration    Create a new migration file
    make:model        Create a new Eloquent model class
    make:notification Create a new notification class
    make:observer     Create a new observer class
    make:policy       Create a new policy class
    make:provider     Create a new service provider class
    make:request      Create a new form request class
    make:resource     Create a new resource
    make:rule         Create a new validation rule
    make:seeder       Create a new seeder class
    make:test         Create a new test class at D:\\Materi Kuliah\\Semester 5\\webProg\\Project Akhir\\final\\vendor\\symfony\\console\\Application.php:710)
[stacktrace]
#0 D:\\Materi Kuliah\\Semester 5\\webProg\\Project Akhir\\final\\vendor\\symfony\\console\\Application.php(236): Symfony\\Component\\Console\\Application->find('make:')
#1 D:\\Materi Kuliah\\Semester 5\\webProg\\Project Akhir\\final\\vendor\\symfony\\console\\Application.php(148): Symfony\\Component\\Console\\Application->doRun(Object(Symfony\\Component\\Console\\Input\\ArgvInput), Object(Symfony\\Component\\Console\\Output\\ConsoleOutput))
#2 D:\\Materi Kuliah\\Semester 5\\webProg\\Project Akhir\\final\\vendor\\laravel\\framework\\src\\Illuminate\\Console\\Application.php(90): Symfony\\Component\\Console\\Application->run(Object(Symfony\\Component\\Console\\Input\\ArgvInput), Object(Symfony\\Component\\Console\\Output\\ConsoleOutput))
#3 D:\\Materi Kuliah\\Semester 5\\webProg\\Project Akhir\\final\\vendor\\laravel\\framework\\src\\Illuminate\\Foundation\\Console\\Kernel.php(133): Illuminate\\Console\\Application->run(Object(Symfony\\Component\\Console\\Input\\ArgvInput), Object(Symfony\\Component\\Console\\Output\\ConsoleOutput))
#4 D:\\Materi Kuliah\\Semester 5\\webProg\\Project Akhir\\final\\artisan(37): Illuminate\\Foundation\\Console\\Kernel->handle(Object(Symfony\\Component\\Console\\Input\\ArgvInput), Object(Symfony\\Component\\Console\\Output\\ConsoleOutput))
#5 {main}
"} 
[2019-12-07 23:08:26] local.ERROR: SQLSTATE[HY000] [1049] Unknown database 'bjora' (SQL: SHOW FULL TABLES WHERE table_type = 'BASE TABLE') {"exception":"[object] (Illuminate\\Database\\QueryException(code: 1049): SQLSTATE[HY000] [1049] Unknown database 'bjora' (SQL: SHOW FULL TABLES WHERE table_type = 'BASE TABLE') at D:\\Materi Kuliah\\Semester 5\\webProg\\Project Akhir\\final\\vendor\\laravel\\framework\\src\\Illuminate\\Database\\Connection.php:664, PDOException(code: 1049): SQLSTATE[HY000] [1049] Unknown database 'bjora' at D:\\Materi Kuliah\\Semester 5\\webProg\\Project Akhir\\final\\vendor\\laravel\\framework\\src\\Illuminate\\Database\\Connectors\\Connector.php:70)
[stacktrace]
#0 D:\\Materi Kuliah\\Semester 5\\webProg\\Project Akhir\\final\\vendor\\laravel\\framework\\src\\Illuminate\\Database\\Connection.php(624): Illuminate\\Database\\Connection->runQueryCallback('SHOW FULL TABLE...', Array, Object(Closure))
#1 D:\\Materi Kuliah\\Semester 5\\webProg\\Project Akhir\\final\\vendor\\laravel\\framework\\src\\Illuminate\\Database\\Connection.php(333): Illuminate\\Database\\Connection->run('SHOW FULL TABLE...', Array, Object(Closure))
#2 D:\\Materi Kuliah\\Semester 5\\webProg\\Project Akhir\\final\\vendor\\laravel\\framework\\src\\Illuminate\\Database\\Schema\\MySqlBuilder.php(99): Illuminate\\Database\\Connection->select('SHOW FULL TABLE...')
#3 D:\\Materi Kuliah\\Semester 5\\webProg\\Project Akhir\\final\\vendor\\laravel\\framework\\src\\Illuminate\\Database\\Schema\\MySqlBuilder.php(48): Illuminate\\Database\\Schema\\MySqlBuilder->getAllTables()
#4 D:\\Materi Kuliah\\Semester 5\\webProg\\Project Akhir\\final\\vendor\\laravel\\framework\\src\\Illuminate\\Database\\Console\\Migrations\\FreshCommand.php(79): Illuminate\\Database\\Schema\\MySqlBuilder->dropAllTables()
#5 D:\\Materi Kuliah\\Semester 5\\webProg\\Project Akhir\\final\\vendor\\laravel\\framework\\src\\Illuminate\\Database\\Console\\Migrations\\FreshCommand.php(46): Illuminate\\Database\\Console\\Migrations\\FreshCommand->dropAllTables(NULL)
#6 [internal function]: Illuminate\\Database\\Console\\Migrations\\FreshCommand->handle()
#7 D:\\Materi Kuliah\\Semester 5\\webProg\\Project Akhir\\final\\vendor\\laravel\\framework\\src\\Illuminate\\Container\\BoundMethod.php(32): call_user_func_array(Array, Array)
#8 D:\\Materi Kuliah\\Semester 5\\webProg\\Project Akhir\\final\\vendor\\laravel\\framework\\src\\Illuminate\\Container\\BoundMethod.php(90): Illuminate\\Container\\BoundMethod::Illuminate\\Container\\{closure}()
#9 D:\\Materi Kuliah\\Semester 5\\webProg\\Project Akhir\\final\\vendor\\laravel\\framework\\src\\Illuminate\\Container\\BoundMethod.php(34): Illuminate\\Container\\BoundMethod::callBoundMethod(Object(Illuminate\\Foundation\\Application), Array, Object(Closure))
#10 D:\\Materi Kuliah\\Semester 5\\webProg\\Project Akhir\\final\\vendor\\laravel\\framework\\src\\Illuminate\\Container\\Container.php(576): Illuminate\\Container\\BoundMethod::call(Object(Illuminate\\Foundation\\Application), Array, Array, NULL)
#11 D:\\Materi Kuliah\\Semester 5\\webProg\\Project Akhir\\final\\vendor\\laravel\\framework\\src\\Illuminate\\Console\\Command.php(183): Illuminate\\Container\\Container->call(Array)
#12 D:\\Materi Kuliah\\Semester 5\\webProg\\Project Akhir\\final\\vendor\\symfony\\console\\Command\\Command.php(255): Illuminate\\Console\\Command->execute(Object(Symfony\\Component\\Console\\Input\\ArgvInput), Object(Illuminate\\Console\\OutputStyle))
#13 D:\\Materi Kuliah\\Semester 5\\webProg\\Project Akhir\\final\\vendor\\laravel\\framework\\src\\Illuminate\\Console\\Command.php(170): Symfony\\Component\\Console\\Command\\Command->run(Object(Symfony\\Component\\Console\\Input\\ArgvInput), Object(Illuminate\\Console\\OutputStyle))
#14 D:\\Materi Kuliah\\Semester 5\\webProg\\Project Akhir\\final\\vendor\\symfony\\console\\Application.php(1011): Illuminate\\Console\\Command->run(Object(Symfony\\Component\\Console\\Input\\ArgvInput), Object(Symfony\\Component\\Console\\Output\\ConsoleOutput))
#15 D:\\Materi Kuliah\\Semester 5\\webProg\\Project Akhir\\final\\vendor\\symfony\\console\\Application.php(272): Symfony\\Component\\Console\\Application->doRunCommand(Object(Illuminate\\Database\\Console\\Migrations\\FreshCommand), Object(Symfony\\Component\\Console\\Input\\ArgvInput), Object(Symfony\\Component\\Console\\Output\\ConsoleOutput))
#16 D:\\Materi Kuliah\\Semester 5\\webProg\\Project Akhir\\final\\vendor\\symfony\\console\\Application.php(148): Symfony\\Component\\Console\\Application->doRun(Object(Symfony\\Component\\Console\\Input\\ArgvInput), Object(Symfony\\Component\\Console\\Output\\ConsoleOutput))
#17 D:\\Materi Kuliah\\Semester 5\\webProg\\Project Akhir\\final\\vendor\\laravel\\framework\\src\\Illuminate\\Console\\Application.php(90): Symfony\\Component\\Console\\Application->run(Object(Symfony\\Component\\Console\\Input\\ArgvInput), Object(Symfony\\Component\\Console\\Output\\ConsoleOutput))
#18 D:\\Materi Kuliah\\Semester 5\\webProg\\Project Akhir\\final\\vendor\\laravel\\framework\\src\\Illuminate\\Foundation\\Console\\Kernel.php(133): Illuminate\\Console\\Application->run(Object(Symfony\\Component\\Console\\Input\\ArgvInput), Object(Symfony\\Component\\Console\\Output\\ConsoleOutput))
#19 D:\\Materi Kuliah\\Semester 5\\webProg\\Project Akhir\\final\\artisan(37): Illuminate\\Foundation\\Console\\Kernel->handle(Object(Symfony\\Component\\Console\\Input\\ArgvInput), Object(Symfony\\Component\\Console\\Output\\ConsoleOutput))
#20 {main}
"} 
[2019-12-07 23:09:44] local.ERROR: SQLSTATE[HY000]: General error: 1005 Can't create table `bjora`.`questions` (errno: 150 "Foreign key constraint is incorrectly formed") (SQL: alter table `questions` add constraint `questions_topic_id_foreign` foreign key (`topic_id`) references `topics` (`id`)) {"exception":"[object] (Illuminate\\Database\\QueryException(code: HY000): SQLSTATE[HY000]: General error: 1005 Can't create table `bjora`.`questions` (errno: 150 \"Foreign key constraint is incorrectly formed\") (SQL: alter table `questions` add constraint `questions_topic_id_foreign` foreign key (`topic_id`) references `topics` (`id`)) at D:\\Materi Kuliah\\Semester 5\\webProg\\Project Akhir\\final\\vendor\\laravel\\framework\\src\\Illuminate\\Database\\Connection.php:664, PDOException(code: HY000): SQLSTATE[HY000]: General error: 1005 Can't create table `bjora`.`questions` (errno: 150 \"Foreign key constraint is incorrectly formed\") at D:\\Materi Kuliah\\Semester 5\\webProg\\Project Akhir\\final\\vendor\\laravel\\framework\\src\\Illuminate\\Database\\Connection.php:458)
[stacktrace]
#0 D:\\Materi Kuliah\\Semester 5\\webProg\\Project Akhir\\final\\vendor\\laravel\\framework\\src\\Illuminate\\Database\\Connection.php(624): Illuminate\\Database\\Connection->runQueryCallback('alter table `qu...', Array, Object(Closure))
#1 D:\\Materi Kuliah\\Semester 5\\webProg\\Project Akhir\\final\\vendor\\laravel\\framework\\src\\Illuminate\\Database\\Connection.php(459): Illuminate\\Database\\Connection->run('alter table `qu...', Array, Object(Closure))
#2 D:\\Materi Kuliah\\Semester 5\\webProg\\Project Akhir\\final\\vendor\\laravel\\framework\\src\\Illuminate\\Database\\Schema\\Blueprint.php(97): Illuminate\\Database\\Connection->statement('alter table `qu...')
#3 D:\\Materi Kuliah\\Semester 5\\webProg\\Project Akhir\\final\\vendor\\laravel\\framework\\src\\Illuminate\\Database\\Schema\\Builder.php(278): Illuminate\\Database\\Schema\\Blueprint->build(Object(Illuminate\\Database\\MySqlConnection), Object(Illuminate\\Database\\Schema\\Grammars\\MySqlGrammar))
#4 D:\\Materi Kuliah\\Semester 5\\webProg\\Project Akhir\\final\\vendor\\laravel\\framework\\src\\Illuminate\\Database\\Schema\\Builder.php(167): Illuminate\\Database\\Schema\\Builder->build(Object(Illuminate\\Database\\Schema\\Blueprint))
#5 D:\\Materi Kuliah\\Semester 5\\webProg\\Project Akhir\\final\\vendor\\laravel\\framework\\src\\Illuminate\\Support\\Facades\\Facade.php(239): Illuminate\\Database\\Schema\\Builder->create('questions', Object(Closure))
#6 D:\\Materi Kuliah\\Semester 5\\webProg\\Project Akhir\\final\\database\\migrations\\2019_12_07_120539_create_questions_table.php(26): Illuminate\\Support\\Facades\\Facade::__callStatic('create', Array)
#7 D:\\Materi Kuliah\\Semester 5\\webProg\\Project Akhir\\final\\vendor\\laravel\\framework\\src\\Illuminate\\Database\\Migrations\\Migrator.php(387): CreateQuestionsTable->up()
#8 D:\\Materi Kuliah\\Semester 5\\webProg\\Project Akhir\\final\\vendor\\laravel\\framework\\src\\Illuminate\\Database\\Migrations\\Migrator.php(396): Illuminate\\Database\\Migrations\\Migrator->Illuminate\\Database\\Migrations\\{closure}()
#9 D:\\Materi Kuliah\\Semester 5\\webProg\\Project Akhir\\final\\vendor\\laravel\\framework\\src\\Illuminate\\Database\\Migrations\\Migrator.php(197): Illuminate\\Database\\Migrations\\Migrator->runMigration(Object(CreateQuestionsTable), 'up')
#10 D:\\Materi Kuliah\\Semester 5\\webProg\\Project Akhir\\final\\vendor\\laravel\\framework\\src\\Illuminate\\Database\\Migrations\\Migrator.php(162): Illuminate\\Database\\Migrations\\Migrator->runUp('D:\\\\Materi Kulia...', 1, false)
#11 D:\\Materi Kuliah\\Semester 5\\webProg\\Project Akhir\\final\\vendor\\laravel\\framework\\src\\Illuminate\\Database\\Migrations\\Migrator.php(109): Illuminate\\Database\\Migrations\\Migrator->runPending(Array, Array)
#12 D:\\Materi Kuliah\\Semester 5\\webProg\\Project Akhir\\final\\vendor\\laravel\\framework\\src\\Illuminate\\Database\\Console\\Migrations\\MigrateCommand.php(71): Illuminate\\Database\\Migrations\\Migrator->run(Array, Array)
#13 [internal function]: Illuminate\\Database\\Console\\Migrations\\MigrateCommand->handle()
#14 D:\\Materi Kuliah\\Semester 5\\webProg\\Project Akhir\\final\\vendor\\laravel\\framework\\src\\Illuminate\\Container\\BoundMethod.php(32): call_user_func_array(Array, Array)
#15 D:\\Materi Kuliah\\Semester 5\\webProg\\Project Akhir\\final\\vendor\\laravel\\framework\\src\\Illuminate\\Container\\BoundMethod.php(90): Illuminate\\Container\\BoundMethod::Illuminate\\Container\\{closure}()
#16 D:\\Materi Kuliah\\Semester 5\\webProg\\Project Akhir\\final\\vendor\\laravel\\framework\\src\\Illuminate\\Container\\BoundMethod.php(34): Illuminate\\Container\\BoundMethod::callBoundMethod(Object(Illuminate\\Foundation\\Application), Array, Object(Closure))
#17 D:\\Materi Kuliah\\Semester 5\\webProg\\Project Akhir\\final\\vendor\\laravel\\framework\\src\\Illuminate\\Container\\Container.php(576): Illuminate\\Container\\BoundMethod::call(Object(Illuminate\\Foundation\\Application), Array, Array, NULL)
#18 D:\\Materi Kuliah\\Semester 5\\webProg\\Project Akhir\\final\\vendor\\laravel\\framework\\src\\Illuminate\\Console\\Command.php(183): Illuminate\\Container\\Container->call(Array)
#19 D:\\Materi Kuliah\\Semester 5\\webProg\\Project Akhir\\final\\vendor\\symfony\\console\\Command\\Command.php(255): Illuminate\\Console\\Command->execute(Object(Symfony\\Component\\Console\\Input\\ArrayInput), Object(Illuminate\\Console\\OutputStyle))
#20 D:\\Materi Kuliah\\Semester 5\\webProg\\Project Akhir\\final\\vendor\\laravel\\framework\\src\\Illuminate\\Console\\Command.php(170): Symfony\\Component\\Console\\Command\\Command->run(Object(Symfony\\Component\\Console\\Input\\ArrayInput), Object(Illuminate\\Console\\OutputStyle))
#21 D:\\Materi Kuliah\\Semester 5\\webProg\\Project Akhir\\final\\vendor\\laravel\\framework\\src\\Illuminate\\Console\\Command.php(198): Illuminate\\Console\\Command->run(Object(Symfony\\Component\\Console\\Input\\ArrayInput), Object(Illuminate\\Console\\OutputStyle))
#22 D:\\Materi Kuliah\\Semester 5\\webProg\\Project Akhir\\final\\vendor\\laravel\\framework\\src\\Illuminate\\Database\\Console\\Migrations\\FreshCommand.php(61): Illuminate\\Console\\Command->call('migrate', Array)
#23 [internal function]: Illuminate\\Database\\Console\\Migrations\\FreshCommand->handle()
#24 D:\\Materi Kuliah\\Semester 5\\webProg\\Project Akhir\\final\\vendor\\laravel\\framework\\src\\Illuminate\\Container\\BoundMethod.php(32): call_user_func_array(Array, Array)
#25 D:\\Materi Kuliah\\Semester 5\\webProg\\Project Akhir\\final\\vendor\\laravel\\framework\\src\\Illuminate\\Container\\BoundMethod.php(90): Illuminate\\Container\\BoundMethod::Illuminate\\Container\\{closure}()
#26 D:\\Materi Kuliah\\Semester 5\\webProg\\Project Akhir\\final\\vendor\\laravel\\framework\\src\\Illuminate\\Container\\BoundMethod.php(34): Illuminate\\Container\\BoundMethod::callBoundMethod(Object(Illuminate\\Foundation\\Application), Array, Object(Closure))
#27 D:\\Materi Kuliah\\Semester 5\\webProg\\Project Akhir\\final\\vendor\\laravel\\framework\\src\\Illuminate\\Container\\Container.php(576): Illuminate\\Container\\BoundMethod::call(Object(Illuminate\\Foundation\\Application), Array, Array, NULL)
#28 D:\\Materi Kuliah\\Semester 5\\webProg\\Project Akhir\\final\\vendor\\laravel\\framework\\src\\Illuminate\\Console\\Command.php(183): Illuminate\\Container\\Container->call(Array)
#29 D:\\Materi Kuliah\\Semester 5\\webProg\\Project Akhir\\final\\vendor\\symfony\\console\\Command\\Command.php(255): Illuminate\\Console\\Command->execute(Object(Symfony\\Component\\Console\\Input\\ArgvInput), Object(Illuminate\\Console\\OutputStyle))
#30 D:\\Materi Kuliah\\Semester 5\\webProg\\Project Akhir\\final\\vendor\\laravel\\framework\\src\\Illuminate\\Console\\Command.php(170): Symfony\\Component\\Console\\Command\\Command->run(Object(Symfony\\Component\\Console\\Input\\ArgvInput), Object(Illuminate\\Console\\OutputStyle))
#31 D:\\Materi Kuliah\\Semester 5\\webProg\\Project Akhir\\final\\vendor\\symfony\\console\\Application.php(1011): Illuminate\\Console\\Command->run(Object(Symfony\\Component\\Console\\Input\\ArgvInput), Object(Symfony\\Component\\Console\\Output\\ConsoleOutput))
#32 D:\\Materi Kuliah\\Semester 5\\webProg\\Project Akhir\\final\\vendor\\symfony\\console\\Application.php(272): Symfony\\Component\\Console\\Application->doRunCommand(Object(Illuminate\\Database\\Console\\Migrations\\FreshCommand), Object(Symfony\\Component\\Console\\Input\\ArgvInput), Object(Symfony\\Component\\Console\\Output\\ConsoleOutput))
#33 D:\\Materi Kuliah\\Semester 5\\webProg\\Project Akhir\\final\\vendor\\symfony\\console\\Application.php(148): Symfony\\Component\\Console\\Application->doRun(Object(Symfony\\Component\\Console\\Input\\ArgvInput), Object(Symfony\\Component\\Console\\Output\\ConsoleOutput))
#34 D:\\Materi Kuliah\\Semester 5\\webProg\\Project Akhir\\final\\vendor\\laravel\\framework\\src\\Illuminate\\Console\\Application.php(90): Symfony\\Component\\Console\\Application->run(Object(Symfony\\Component\\Console\\Input\\ArgvInput), Object(Symfony\\Component\\Console\\Output\\ConsoleOutput))
#35 D:\\Materi Kuliah\\Semester 5\\webProg\\Project Akhir\\final\\vendor\\laravel\\framework\\src\\Illuminate\\Foundation\\Console\\Kernel.php(133): Illuminate\\Console\\Application->run(Object(Symfony\\Component\\Console\\Input\\ArgvInput), Object(Symfony\\Component\\Console\\Output\\ConsoleOutput))
#36 D:\\Materi Kuliah\\Semester 5\\webProg\\Project Akhir\\final\\artisan(37): Illuminate\\Foundation\\Console\\Kernel->handle(Object(Symfony\\Component\\Console\\Input\\ArgvInput), Object(Symfony\\Component\\Console\\Output\\ConsoleOutput))
#37 {main}
"} 
[2019-12-07 23:13:33] local.ERROR: SQLSTATE[HY000]: General error: 1005 Can't create table `bjora`.`questions` (errno: 150 "Foreign key constraint is incorrectly formed") (SQL: alter table `questions` add constraint `questions_topic_id_foreign` foreign key (`topic_id`) references `topics` (`id`)) {"exception":"[object] (Illuminate\\Database\\QueryException(code: HY000): SQLSTATE[HY000]: General error: 1005 Can't create table `bjora`.`questions` (errno: 150 \"Foreign key constraint is incorrectly formed\") (SQL: alter table `questions` add constraint `questions_topic_id_foreign` foreign key (`topic_id`) references `topics` (`id`)) at D:\\Materi Kuliah\\Semester 5\\webProg\\Project Akhir\\final\\vendor\\laravel\\framework\\src\\Illuminate\\Database\\Connection.php:664, PDOException(code: HY000): SQLSTATE[HY000]: General error: 1005 Can't create table `bjora`.`questions` (errno: 150 \"Foreign key constraint is incorrectly formed\") at D:\\Materi Kuliah\\Semester 5\\webProg\\Project Akhir\\final\\vendor\\laravel\\framework\\src\\Illuminate\\Database\\Connection.php:458)
[stacktrace]
#0 D:\\Materi Kuliah\\Semester 5\\webProg\\Project Akhir\\final\\vendor\\laravel\\framework\\src\\Illuminate\\Database\\Connection.php(624): Illuminate\\Database\\Connection->runQueryCallback('alter table `qu...', Array, Object(Closure))
#1 D:\\Materi Kuliah\\Semester 5\\webProg\\Project Akhir\\final\\vendor\\laravel\\framework\\src\\Illuminate\\Database\\Connection.php(459): Illuminate\\Database\\Connection->run('alter table `qu...', Array, Object(Closure))
#2 D:\\Materi Kuliah\\Semester 5\\webProg\\Project Akhir\\final\\vendor\\laravel\\framework\\src\\Illuminate\\Database\\Schema\\Blueprint.php(97): Illuminate\\Database\\Connection->statement('alter table `qu...')
#3 D:\\Materi Kuliah\\Semester 5\\webProg\\Project Akhir\\final\\vendor\\laravel\\framework\\src\\Illuminate\\Database\\Schema\\Builder.php(278): Illuminate\\Database\\Schema\\Blueprint->build(Object(Illuminate\\Database\\MySqlConnection), Object(Illuminate\\Database\\Schema\\Grammars\\MySqlGrammar))
#4 D:\\Materi Kuliah\\Semester 5\\webProg\\Project Akhir\\final\\vendor\\laravel\\framework\\src\\Illuminate\\Database\\Schema\\Builder.php(167): Illuminate\\Database\\Schema\\Builder->build(Object(Illuminate\\Database\\Schema\\Blueprint))
#5 D:\\Materi Kuliah\\Semester 5\\webProg\\Project Akhir\\final\\vendor\\laravel\\framework\\src\\Illuminate\\Support\\Facades\\Facade.php(239): Illuminate\\Database\\Schema\\Builder->create('questions', Object(Closure))
#6 D:\\Materi Kuliah\\Semester 5\\webProg\\Project Akhir\\final\\database\\migrations\\2019_12_07_120539_create_questions_table.php(26): Illuminate\\Support\\Facades\\Facade::__callStatic('create', Array)
#7 D:\\Materi Kuliah\\Semester 5\\webProg\\Project Akhir\\final\\vendor\\laravel\\framework\\src\\Illuminate\\Database\\Migrations\\Migrator.php(387): CreateQuestionsTable->up()
#8 D:\\Materi Kuliah\\Semester 5\\webProg\\Project Akhir\\final\\vendor\\laravel\\framework\\src\\Illuminate\\Database\\Migrations\\Migrator.php(396): Illuminate\\Database\\Migrations\\Migrator->Illuminate\\Database\\Migrations\\{closure}()
#9 D:\\Materi Kuliah\\Semester 5\\webProg\\Project Akhir\\final\\vendor\\laravel\\framework\\src\\Illuminate\\Database\\Migrations\\Migrator.php(197): Illuminate\\Database\\Migrations\\Migrator->runMigration(Object(CreateQuestionsTable), 'up')
#10 D:\\Materi Kuliah\\Semester 5\\webProg\\Project Akhir\\final\\vendor\\laravel\\framework\\src\\Illuminate\\Database\\Migrations\\Migrator.php(162): Illuminate\\Database\\Migrations\\Migrator->runUp('D:\\\\Materi Kulia...', 1, false)
#11 D:\\Materi Kuliah\\Semester 5\\webProg\\Project Akhir\\final\\vendor\\laravel\\framework\\src\\Illuminate\\Database\\Migrations\\Migrator.php(109): Illuminate\\Database\\Migrations\\Migrator->runPending(Array, Array)
#12 D:\\Materi Kuliah\\Semester 5\\webProg\\Project Akhir\\final\\vendor\\laravel\\framework\\src\\Illuminate\\Database\\Console\\Migrations\\MigrateCommand.php(71): Illuminate\\Database\\Migrations\\Migrator->run(Array, Array)
#13 [internal function]: Illuminate\\Database\\Console\\Migrations\\MigrateCommand->handle()
#14 D:\\Materi Kuliah\\Semester 5\\webProg\\Project Akhir\\final\\vendor\\laravel\\framework\\src\\Illuminate\\Container\\BoundMethod.php(32): call_user_func_array(Array, Array)
#15 D:\\Materi Kuliah\\Semester 5\\webProg\\Project Akhir\\final\\vendor\\laravel\\framework\\src\\Illuminate\\Container\\BoundMethod.php(90): Illuminate\\Container\\BoundMethod::Illuminate\\Container\\{closure}()
#16 D:\\Materi Kuliah\\Semester 5\\webProg\\Project Akhir\\final\\vendor\\laravel\\framework\\src\\Illuminate\\Container\\BoundMethod.php(34): Illuminate\\Container\\BoundMethod::callBoundMethod(Object(Illuminate\\Foundation\\Application), Array, Object(Closure))
#17 D:\\Materi Kuliah\\Semester 5\\webProg\\Project Akhir\\final\\vendor\\laravel\\framework\\src\\Illuminate\\Container\\Container.php(576): Illuminate\\Container\\BoundMethod::call(Object(Illuminate\\Foundation\\Application), Array, Array, NULL)
#18 D:\\Materi Kuliah\\Semester 5\\webProg\\Project Akhir\\final\\vendor\\laravel\\framework\\src\\Illuminate\\Console\\Command.php(183): Illuminate\\Container\\Container->call(Array)
#19 D:\\Materi Kuliah\\Semester 5\\webProg\\Project Akhir\\final\\vendor\\symfony\\console\\Command\\Command.php(255): Illuminate\\Console\\Command->execute(Object(Symfony\\Component\\Console\\Input\\ArrayInput), Object(Illuminate\\Console\\OutputStyle))
#20 D:\\Materi Kuliah\\Semester 5\\webProg\\Project Akhir\\final\\vendor\\laravel\\framework\\src\\Illuminate\\Console\\Command.php(170): Symfony\\Component\\Console\\Command\\Command->run(Object(Symfony\\Component\\Console\\Input\\ArrayInput), Object(Illuminate\\Console\\OutputStyle))
#21 D:\\Materi Kuliah\\Semester 5\\webProg\\Project Akhir\\final\\vendor\\laravel\\framework\\src\\Illuminate\\Console\\Command.php(198): Illuminate\\Console\\Command->run(Object(Symfony\\Component\\Console\\Input\\ArrayInput), Object(Illuminate\\Console\\OutputStyle))
#22 D:\\Materi Kuliah\\Semester 5\\webProg\\Project Akhir\\final\\vendor\\laravel\\framework\\src\\Illuminate\\Database\\Console\\Migrations\\FreshCommand.php(61): Illuminate\\Console\\Command->call('migrate', Array)
#23 [internal function]: Illuminate\\Database\\Console\\Migrations\\FreshCommand->handle()
#24 D:\\Materi Kuliah\\Semester 5\\webProg\\Project Akhir\\final\\vendor\\laravel\\framework\\src\\Illuminate\\Container\\BoundMethod.php(32): call_user_func_array(Array, Array)
#25 D:\\Materi Kuliah\\Semester 5\\webProg\\Project Akhir\\final\\vendor\\laravel\\framework\\src\\Illuminate\\Container\\BoundMethod.php(90): Illuminate\\Container\\BoundMethod::Illuminate\\Container\\{closure}()
#26 D:\\Materi Kuliah\\Semester 5\\webProg\\Project Akhir\\final\\vendor\\laravel\\framework\\src\\Illuminate\\Container\\BoundMethod.php(34): Illuminate\\Container\\BoundMethod::callBoundMethod(Object(Illuminate\\Foundation\\Application), Array, Object(Closure))
#27 D:\\Materi Kuliah\\Semester 5\\webProg\\Project Akhir\\final\\vendor\\laravel\\framework\\src\\Illuminate\\Container\\Container.php(576): Illuminate\\Container\\BoundMethod::call(Object(Illuminate\\Foundation\\Application), Array, Array, NULL)
#28 D:\\Materi Kuliah\\Semester 5\\webProg\\Project Akhir\\final\\vendor\\laravel\\framework\\src\\Illuminate\\Console\\Command.php(183): Illuminate\\Container\\Container->call(Array)
#29 D:\\Materi Kuliah\\Semester 5\\webProg\\Project Akhir\\final\\vendor\\symfony\\console\\Command\\Command.php(255): Illuminate\\Console\\Command->execute(Object(Symfony\\Component\\Console\\Input\\ArgvInput), Object(Illuminate\\Console\\OutputStyle))
#30 D:\\Materi Kuliah\\Semester 5\\webProg\\Project Akhir\\final\\vendor\\laravel\\framework\\src\\Illuminate\\Console\\Command.php(170): Symfony\\Component\\Console\\Command\\Command->run(Object(Symfony\\Component\\Console\\Input\\ArgvInput), Object(Illuminate\\Console\\OutputStyle))
#31 D:\\Materi Kuliah\\Semester 5\\webProg\\Project Akhir\\final\\vendor\\symfony\\console\\Application.php(1011): Illuminate\\Console\\Command->run(Object(Symfony\\Component\\Console\\Input\\ArgvInput), Object(Symfony\\Component\\Console\\Output\\ConsoleOutput))
#32 D:\\Materi Kuliah\\Semester 5\\webProg\\Project Akhir\\final\\vendor\\symfony\\console\\Application.php(272): Symfony\\Component\\Console\\Application->doRunCommand(Object(Illuminate\\Database\\Console\\Migrations\\FreshCommand), Object(Symfony\\Component\\Console\\Input\\ArgvInput), Object(Symfony\\Component\\Console\\Output\\ConsoleOutput))
#33 D:\\Materi Kuliah\\Semester 5\\webProg\\Project Akhir\\final\\vendor\\symfony\\console\\Application.php(148): Symfony\\Component\\Console\\Application->doRun(Object(Symfony\\Component\\Console\\Input\\ArgvInput), Object(Symfony\\Component\\Console\\Output\\ConsoleOutput))
#34 D:\\Materi Kuliah\\Semester 5\\webProg\\Project Akhir\\final\\vendor\\laravel\\framework\\src\\Illuminate\\Console\\Application.php(90): Symfony\\Component\\Console\\Application->run(Object(Symfony\\Component\\Console\\Input\\ArgvInput), Object(Symfony\\Component\\Console\\Output\\ConsoleOutput))
#35 D:\\Materi Kuliah\\Semester 5\\webProg\\Project Akhir\\final\\vendor\\laravel\\framework\\src\\Illuminate\\Foundation\\Console\\Kernel.php(133): Illuminate\\Console\\Application->run(Object(Symfony\\Component\\Console\\Input\\ArgvInput), Object(Symfony\\Component\\Console\\Output\\ConsoleOutput))
#36 D:\\Materi Kuliah\\Semester 5\\webProg\\Project Akhir\\final\\artisan(37): Illuminate\\Foundation\\Console\\Kernel->handle(Object(Symfony\\Component\\Console\\Input\\ArgvInput), Object(Symfony\\Component\\Console\\Output\\ConsoleOutput))
#37 {main}
"} 
[2019-12-07 23:14:28] local.ERROR: SQLSTATE[HY000]: General error: 1005 Can't create table `bjora`.`questions` (errno: 150 "Foreign key constraint is incorrectly formed") (SQL: alter table `questions` add constraint `questions_topic_id_foreign` foreign key (`topic_id`) references `topics` (`id`)) {"exception":"[object] (Illuminate\\Database\\QueryException(code: HY000): SQLSTATE[HY000]: General error: 1005 Can't create table `bjora`.`questions` (errno: 150 \"Foreign key constraint is incorrectly formed\") (SQL: alter table `questions` add constraint `questions_topic_id_foreign` foreign key (`topic_id`) references `topics` (`id`)) at D:\\Materi Kuliah\\Semester 5\\webProg\\Project Akhir\\final\\vendor\\laravel\\framework\\src\\Illuminate\\Database\\Connection.php:664, PDOException(code: HY000): SQLSTATE[HY000]: General error: 1005 Can't create table `bjora`.`questions` (errno: 150 \"Foreign key constraint is incorrectly formed\") at D:\\Materi Kuliah\\Semester 5\\webProg\\Project Akhir\\final\\vendor\\laravel\\framework\\src\\Illuminate\\Database\\Connection.php:458)
[stacktrace]
#0 D:\\Materi Kuliah\\Semester 5\\webProg\\Project Akhir\\final\\vendor\\laravel\\framework\\src\\Illuminate\\Database\\Connection.php(624): Illuminate\\Database\\Connection->runQueryCallback('alter table `qu...', Array, Object(Closure))
#1 D:\\Materi Kuliah\\Semester 5\\webProg\\Project Akhir\\final\\vendor\\laravel\\framework\\src\\Illuminate\\Database\\Connection.php(459): Illuminate\\Database\\Connection->run('alter table `qu...', Array, Object(Closure))
#2 D:\\Materi Kuliah\\Semester 5\\webProg\\Project Akhir\\final\\vendor\\laravel\\framework\\src\\Illuminate\\Database\\Schema\\Blueprint.php(97): Illuminate\\Database\\Connection->statement('alter table `qu...')
#3 D:\\Materi Kuliah\\Semester 5\\webProg\\Project Akhir\\final\\vendor\\laravel\\framework\\src\\Illuminate\\Database\\Schema\\Builder.php(278): Illuminate\\Database\\Schema\\Blueprint->build(Object(Illuminate\\Database\\MySqlConnection), Object(Illuminate\\Database\\Schema\\Grammars\\MySqlGrammar))
#4 D:\\Materi Kuliah\\Semester 5\\webProg\\Project Akhir\\final\\vendor\\laravel\\framework\\src\\Illuminate\\Database\\Schema\\Builder.php(167): Illuminate\\Database\\Schema\\Builder->build(Object(Illuminate\\Database\\Schema\\Blueprint))
#5 D:\\Materi Kuliah\\Semester 5\\webProg\\Project Akhir\\final\\vendor\\laravel\\framework\\src\\Illuminate\\Support\\Facades\\Facade.php(239): Illuminate\\Database\\Schema\\Builder->create('questions', Object(Closure))
#6 D:\\Materi Kuliah\\Semester 5\\webProg\\Project Akhir\\final\\database\\migrations\\2019_12_07_120539_create_questions_table.php(26): Illuminate\\Support\\Facades\\Facade::__callStatic('create', Array)
#7 D:\\Materi Kuliah\\Semester 5\\webProg\\Project Akhir\\final\\vendor\\laravel\\framework\\src\\Illuminate\\Database\\Migrations\\Migrator.php(387): CreateQuestionsTable->up()
#8 D:\\Materi Kuliah\\Semester 5\\webProg\\Project Akhir\\final\\vendor\\laravel\\framework\\src\\Illuminate\\Database\\Migrations\\Migrator.php(396): Illuminate\\Database\\Migrations\\Migrator->Illuminate\\Database\\Migrations\\{closure}()
#9 D:\\Materi Kuliah\\Semester 5\\webProg\\Project Akhir\\final\\vendor\\laravel\\framework\\src\\Illuminate\\Database\\Migrations\\Migrator.php(197): Illuminate\\Database\\Migrations\\Migrator->runMigration(Object(CreateQuestionsTable), 'up')
#10 D:\\Materi Kuliah\\Semester 5\\webProg\\Project Akhir\\final\\vendor\\laravel\\framework\\src\\Illuminate\\Database\\Migrations\\Migrator.php(162): Illuminate\\Database\\Migrations\\Migrator->runUp('D:\\\\Materi Kulia...', 1, false)
#11 D:\\Materi Kuliah\\Semester 5\\webProg\\Project Akhir\\final\\vendor\\laravel\\framework\\src\\Illuminate\\Database\\Migrations\\Migrator.php(109): Illuminate\\Database\\Migrations\\Migrator->runPending(Array, Array)
#12 D:\\Materi Kuliah\\Semester 5\\webProg\\Project Akhir\\final\\vendor\\laravel\\framework\\src\\Illuminate\\Database\\Console\\Migrations\\MigrateCommand.php(71): Illuminate\\Database\\Migrations\\Migrator->run(Array, Array)
#13 [internal function]: Illuminate\\Database\\Console\\Migrations\\MigrateCommand->handle()
#14 D:\\Materi Kuliah\\Semester 5\\webProg\\Project Akhir\\final\\vendor\\laravel\\framework\\src\\Illuminate\\Container\\BoundMethod.php(32): call_user_func_array(Array, Array)
#15 D:\\Materi Kuliah\\Semester 5\\webProg\\Project Akhir\\final\\vendor\\laravel\\framework\\src\\Illuminate\\Container\\BoundMethod.php(90): Illuminate\\Container\\BoundMethod::Illuminate\\Container\\{closure}()
#16 D:\\Materi Kuliah\\Semester 5\\webProg\\Project Akhir\\final\\vendor\\laravel\\framework\\src\\Illuminate\\Container\\BoundMethod.php(34): Illuminate\\Container\\BoundMethod::callBoundMethod(Object(Illuminate\\Foundation\\Application), Array, Object(Closure))
#17 D:\\Materi Kuliah\\Semester 5\\webProg\\Project Akhir\\final\\vendor\\laravel\\framework\\src\\Illuminate\\Container\\Container.php(576): Illuminate\\Container\\BoundMethod::call(Object(Illuminate\\Foundation\\Application), Array, Array, NULL)
#18 D:\\Materi Kuliah\\Semester 5\\webProg\\Project Akhir\\final\\vendor\\laravel\\framework\\src\\Illuminate\\Console\\Command.php(183): Illuminate\\Container\\Container->call(Array)
#19 D:\\Materi Kuliah\\Semester 5\\webProg\\Project Akhir\\final\\vendor\\symfony\\console\\Command\\Command.php(255): Illuminate\\Console\\Command->execute(Object(Symfony\\Component\\Console\\Input\\ArrayInput), Object(Illuminate\\Console\\OutputStyle))
#20 D:\\Materi Kuliah\\Semester 5\\webProg\\Project Akhir\\final\\vendor\\laravel\\framework\\src\\Illuminate\\Console\\Command.php(170): Symfony\\Component\\Console\\Command\\Command->run(Object(Symfony\\Component\\Console\\Input\\ArrayInput), Object(Illuminate\\Console\\OutputStyle))
#21 D:\\Materi Kuliah\\Semester 5\\webProg\\Project Akhir\\final\\vendor\\laravel\\framework\\src\\Illuminate\\Console\\Command.php(198): Illuminate\\Console\\Command->run(Object(Symfony\\Component\\Console\\Input\\ArrayInput), Object(Illuminate\\Console\\OutputStyle))
#22 D:\\Materi Kuliah\\Semester 5\\webProg\\Project Akhir\\final\\vendor\\laravel\\framework\\src\\Illuminate\\Database\\Console\\Migrations\\FreshCommand.php(61): Illuminate\\Console\\Command->call('migrate', Array)
#23 [internal function]: Illuminate\\Database\\Console\\Migrations\\FreshCommand->handle()
#24 D:\\Materi Kuliah\\Semester 5\\webProg\\Project Akhir\\final\\vendor\\laravel\\framework\\src\\Illuminate\\Container\\BoundMethod.php(32): call_user_func_array(Array, Array)
#25 D:\\Materi Kuliah\\Semester 5\\webProg\\Project Akhir\\final\\vendor\\laravel\\framework\\src\\Illuminate\\Container\\BoundMethod.php(90): Illuminate\\Container\\BoundMethod::Illuminate\\Container\\{closure}()
#26 D:\\Materi Kuliah\\Semester 5\\webProg\\Project Akhir\\final\\vendor\\laravel\\framework\\src\\Illuminate\\Container\\BoundMethod.php(34): Illuminate\\Container\\BoundMethod::callBoundMethod(Object(Illuminate\\Foundation\\Application), Array, Object(Closure))
#27 D:\\Materi Kuliah\\Semester 5\\webProg\\Project Akhir\\final\\vendor\\laravel\\framework\\src\\Illuminate\\Container\\Container.php(576): Illuminate\\Container\\BoundMethod::call(Object(Illuminate\\Foundation\\Application), Array, Array, NULL)
#28 D:\\Materi Kuliah\\Semester 5\\webProg\\Project Akhir\\final\\vendor\\laravel\\framework\\src\\Illuminate\\Console\\Command.php(183): Illuminate\\Container\\Container->call(Array)
#29 D:\\Materi Kuliah\\Semester 5\\webProg\\Project Akhir\\final\\vendor\\symfony\\console\\Command\\Command.php(255): Illuminate\\Console\\Command->execute(Object(Symfony\\Component\\Console\\Input\\ArgvInput), Object(Illuminate\\Console\\OutputStyle))
#30 D:\\Materi Kuliah\\Semester 5\\webProg\\Project Akhir\\final\\vendor\\laravel\\framework\\src\\Illuminate\\Console\\Command.php(170): Symfony\\Component\\Console\\Command\\Command->run(Object(Symfony\\Component\\Console\\Input\\ArgvInput), Object(Illuminate\\Console\\OutputStyle))
#31 D:\\Materi Kuliah\\Semester 5\\webProg\\Project Akhir\\final\\vendor\\symfony\\console\\Application.php(1011): Illuminate\\Console\\Command->run(Object(Symfony\\Component\\Console\\Input\\ArgvInput), Object(Symfony\\Component\\Console\\Output\\ConsoleOutput))
#32 D:\\Materi Kuliah\\Semester 5\\webProg\\Project Akhir\\final\\vendor\\symfony\\console\\Application.php(272): Symfony\\Component\\Console\\Application->doRunCommand(Object(Illuminate\\Database\\Console\\Migrations\\FreshCommand), Object(Symfony\\Component\\Console\\Input\\ArgvInput), Object(Symfony\\Component\\Console\\Output\\ConsoleOutput))
#33 D:\\Materi Kuliah\\Semester 5\\webProg\\Project Akhir\\final\\vendor\\symfony\\console\\Application.php(148): Symfony\\Component\\Console\\Application->doRun(Object(Symfony\\Component\\Console\\Input\\ArgvInput), Object(Symfony\\Component\\Console\\Output\\ConsoleOutput))
#34 D:\\Materi Kuliah\\Semester 5\\webProg\\Project Akhir\\final\\vendor\\laravel\\framework\\src\\Illuminate\\Console\\Application.php(90): Symfony\\Component\\Console\\Application->run(Object(Symfony\\Component\\Console\\Input\\ArgvInput), Object(Symfony\\Component\\Console\\Output\\ConsoleOutput))
#35 D:\\Materi Kuliah\\Semester 5\\webProg\\Project Akhir\\final\\vendor\\laravel\\framework\\src\\Illuminate\\Foundation\\Console\\Kernel.php(133): Illuminate\\Console\\Application->run(Object(Symfony\\Component\\Console\\Input\\ArgvInput), Object(Symfony\\Component\\Console\\Output\\ConsoleOutput))
#36 D:\\Materi Kuliah\\Semester 5\\webProg\\Project Akhir\\final\\artisan(37): Illuminate\\Foundation\\Console\\Kernel->handle(Object(Symfony\\Component\\Console\\Input\\ArgvInput), Object(Symfony\\Component\\Console\\Output\\ConsoleOutput))
#37 {main}
"} 
[2019-12-07 23:20:21] local.ERROR: SQLSTATE[HY000]: General error: 1005 Can't create table `bjora`.`questions` (errno: 150 "Foreign key constraint is incorrectly formed") (SQL: alter table `questions` add constraint `questions_topic_id_foreign` foreign key (`topic_id`) references `topics` (`id`)) {"exception":"[object] (Illuminate\\Database\\QueryException(code: HY000): SQLSTATE[HY000]: General error: 1005 Can't create table `bjora`.`questions` (errno: 150 \"Foreign key constraint is incorrectly formed\") (SQL: alter table `questions` add constraint `questions_topic_id_foreign` foreign key (`topic_id`) references `topics` (`id`)) at D:\\Materi Kuliah\\Semester 5\\webProg\\Project Akhir\\final\\vendor\\laravel\\framework\\src\\Illuminate\\Database\\Connection.php:664, PDOException(code: HY000): SQLSTATE[HY000]: General error: 1005 Can't create table `bjora`.`questions` (errno: 150 \"Foreign key constraint is incorrectly formed\") at D:\\Materi Kuliah\\Semester 5\\webProg\\Project Akhir\\final\\vendor\\laravel\\framework\\src\\Illuminate\\Database\\Connection.php:458)
[stacktrace]
#0 D:\\Materi Kuliah\\Semester 5\\webProg\\Project Akhir\\final\\vendor\\laravel\\framework\\src\\Illuminate\\Database\\Connection.php(624): Illuminate\\Database\\Connection->runQueryCallback('alter table `qu...', Array, Object(Closure))
#1 D:\\Materi Kuliah\\Semester 5\\webProg\\Project Akhir\\final\\vendor\\laravel\\framework\\src\\Illuminate\\Database\\Connection.php(459): Illuminate\\Database\\Connection->run('alter table `qu...', Array, Object(Closure))
#2 D:\\Materi Kuliah\\Semester 5\\webProg\\Project Akhir\\final\\vendor\\laravel\\framework\\src\\Illuminate\\Database\\Schema\\Blueprint.php(97): Illuminate\\Database\\Connection->statement('alter table `qu...')
#3 D:\\Materi Kuliah\\Semester 5\\webProg\\Project Akhir\\final\\vendor\\laravel\\framework\\src\\Illuminate\\Database\\Schema\\Builder.php(278): Illuminate\\Database\\Schema\\Blueprint->build(Object(Illuminate\\Database\\MySqlConnection), Object(Illuminate\\Database\\Schema\\Grammars\\MySqlGrammar))
#4 D:\\Materi Kuliah\\Semester 5\\webProg\\Project Akhir\\final\\vendor\\laravel\\framework\\src\\Illuminate\\Database\\Schema\\Builder.php(167): Illuminate\\Database\\Schema\\Builder->build(Object(Illuminate\\Database\\Schema\\Blueprint))
#5 D:\\Materi Kuliah\\Semester 5\\webProg\\Project Akhir\\final\\vendor\\laravel\\framework\\src\\Illuminate\\Support\\Facades\\Facade.php(239): Illuminate\\Database\\Schema\\Builder->create('questions', Object(Closure))
#6 D:\\Materi Kuliah\\Semester 5\\webProg\\Project Akhir\\final\\database\\migrations\\2019_12_07_120539_create_questions_table.php(26): Illuminate\\Support\\Facades\\Facade::__callStatic('create', Array)
#7 D:\\Materi Kuliah\\Semester 5\\webProg\\Project Akhir\\final\\vendor\\laravel\\framework\\src\\Illuminate\\Database\\Migrations\\Migrator.php(387): CreateQuestionsTable->up()
#8 D:\\Materi Kuliah\\Semester 5\\webProg\\Project Akhir\\final\\vendor\\laravel\\framework\\src\\Illuminate\\Database\\Migrations\\Migrator.php(396): Illuminate\\Database\\Migrations\\Migrator->Illuminate\\Database\\Migrations\\{closure}()
#9 D:\\Materi Kuliah\\Semester 5\\webProg\\Project Akhir\\final\\vendor\\laravel\\framework\\src\\Illuminate\\Database\\Migrations\\Migrator.php(197): Illuminate\\Database\\Migrations\\Migrator->runMigration(Object(CreateQuestionsTable), 'up')
#10 D:\\Materi Kuliah\\Semester 5\\webProg\\Project Akhir\\final\\vendor\\laravel\\framework\\src\\Illuminate\\Database\\Migrations\\Migrator.php(162): Illuminate\\Database\\Migrations\\Migrator->runUp('D:\\\\Materi Kulia...', 1, false)
#11 D:\\Materi Kuliah\\Semester 5\\webProg\\Project Akhir\\final\\vendor\\laravel\\framework\\src\\Illuminate\\Database\\Migrations\\Migrator.php(109): Illuminate\\Database\\Migrations\\Migrator->runPending(Array, Array)
#12 D:\\Materi Kuliah\\Semester 5\\webProg\\Project Akhir\\final\\vendor\\laravel\\framework\\src\\Illuminate\\Database\\Console\\Migrations\\MigrateCommand.php(71): Illuminate\\Database\\Migrations\\Migrator->run(Array, Array)
#13 [internal function]: Illuminate\\Database\\Console\\Migrations\\MigrateCommand->handle()
#14 D:\\Materi Kuliah\\Semester 5\\webProg\\Project Akhir\\final\\vendor\\laravel\\framework\\src\\Illuminate\\Container\\BoundMethod.php(32): call_user_func_array(Array, Array)
#15 D:\\Materi Kuliah\\Semester 5\\webProg\\Project Akhir\\final\\vendor\\laravel\\framework\\src\\Illuminate\\Container\\BoundMethod.php(90): Illuminate\\Container\\BoundMethod::Illuminate\\Container\\{closure}()
#16 D:\\Materi Kuliah\\Semester 5\\webProg\\Project Akhir\\final\\vendor\\laravel\\framework\\src\\Illuminate\\Container\\BoundMethod.php(34): Illuminate\\Container\\BoundMethod::callBoundMethod(Object(Illuminate\\Foundation\\Application), Array, Object(Closure))
#17 D:\\Materi Kuliah\\Semester 5\\webProg\\Project Akhir\\final\\vendor\\laravel\\framework\\src\\Illuminate\\Container\\Container.php(576): Illuminate\\Container\\BoundMethod::call(Object(Illuminate\\Foundation\\Application), Array, Array, NULL)
#18 D:\\Materi Kuliah\\Semester 5\\webProg\\Project Akhir\\final\\vendor\\laravel\\framework\\src\\Illuminate\\Console\\Command.php(183): Illuminate\\Container\\Container->call(Array)
#19 D:\\Materi Kuliah\\Semester 5\\webProg\\Project Akhir\\final\\vendor\\symfony\\console\\Command\\Command.php(255): Illuminate\\Console\\Command->execute(Object(Symfony\\Component\\Console\\Input\\ArrayInput), Object(Illuminate\\Console\\OutputStyle))
#20 D:\\Materi Kuliah\\Semester 5\\webProg\\Project Akhir\\final\\vendor\\laravel\\framework\\src\\Illuminate\\Console\\Command.php(170): Symfony\\Component\\Console\\Command\\Command->run(Object(Symfony\\Component\\Console\\Input\\ArrayInput), Object(Illuminate\\Console\\OutputStyle))
#21 D:\\Materi Kuliah\\Semester 5\\webProg\\Project Akhir\\final\\vendor\\laravel\\framework\\src\\Illuminate\\Console\\Command.php(198): Illuminate\\Console\\Command->run(Object(Symfony\\Component\\Console\\Input\\ArrayInput), Object(Illuminate\\Console\\OutputStyle))
#22 D:\\Materi Kuliah\\Semester 5\\webProg\\Project Akhir\\final\\vendor\\laravel\\framework\\src\\Illuminate\\Database\\Console\\Migrations\\FreshCommand.php(61): Illuminate\\Console\\Command->call('migrate', Array)
#23 [internal function]: Illuminate\\Database\\Console\\Migrations\\FreshCommand->handle()
#24 D:\\Materi Kuliah\\Semester 5\\webProg\\Project Akhir\\final\\vendor\\laravel\\framework\\src\\Illuminate\\Container\\BoundMethod.php(32): call_user_func_array(Array, Array)
#25 D:\\Materi Kuliah\\Semester 5\\webProg\\Project Akhir\\final\\vendor\\laravel\\framework\\src\\Illuminate\\Container\\BoundMethod.php(90): Illuminate\\Container\\BoundMethod::Illuminate\\Container\\{closure}()
#26 D:\\Materi Kuliah\\Semester 5\\webProg\\Project Akhir\\final\\vendor\\laravel\\framework\\src\\Illuminate\\Container\\BoundMethod.php(34): Illuminate\\Container\\BoundMethod::callBoundMethod(Object(Illuminate\\Foundation\\Application), Array, Object(Closure))
#27 D:\\Materi Kuliah\\Semester 5\\webProg\\Project Akhir\\final\\vendor\\laravel\\framework\\src\\Illuminate\\Container\\Container.php(576): Illuminate\\Container\\BoundMethod::call(Object(Illuminate\\Foundation\\Application), Array, Array, NULL)
#28 D:\\Materi Kuliah\\Semester 5\\webProg\\Project Akhir\\final\\vendor\\laravel\\framework\\src\\Illuminate\\Console\\Command.php(183): Illuminate\\Container\\Container->call(Array)
#29 D:\\Materi Kuliah\\Semester 5\\webProg\\Project Akhir\\final\\vendor\\symfony\\console\\Command\\Command.php(255): Illuminate\\Console\\Command->execute(Object(Symfony\\Component\\Console\\Input\\ArgvInput), Object(Illuminate\\Console\\OutputStyle))
#30 D:\\Materi Kuliah\\Semester 5\\webProg\\Project Akhir\\final\\vendor\\laravel\\framework\\src\\Illuminate\\Console\\Command.php(170): Symfony\\Component\\Console\\Command\\Command->run(Object(Symfony\\Component\\Console\\Input\\ArgvInput), Object(Illuminate\\Console\\OutputStyle))
#31 D:\\Materi Kuliah\\Semester 5\\webProg\\Project Akhir\\final\\vendor\\symfony\\console\\Application.php(1011): Illuminate\\Console\\Command->run(Object(Symfony\\Component\\Console\\Input\\ArgvInput), Object(Symfony\\Component\\Console\\Output\\ConsoleOutput))
#32 D:\\Materi Kuliah\\Semester 5\\webProg\\Project Akhir\\final\\vendor\\symfony\\console\\Application.php(272): Symfony\\Component\\Console\\Application->doRunCommand(Object(Illuminate\\Database\\Console\\Migrations\\FreshCommand), Object(Symfony\\Component\\Console\\Input\\ArgvInput), Object(Symfony\\Component\\Console\\Output\\ConsoleOutput))
#33 D:\\Materi Kuliah\\Semester 5\\webProg\\Project Akhir\\final\\vendor\\symfony\\console\\Application.php(148): Symfony\\Component\\Console\\Application->doRun(Object(Symfony\\Component\\Console\\Input\\ArgvInput), Object(Symfony\\Component\\Console\\Output\\ConsoleOutput))
#34 D:\\Materi Kuliah\\Semester 5\\webProg\\Project Akhir\\final\\vendor\\laravel\\framework\\src\\Illuminate\\Console\\Application.php(90): Symfony\\Component\\Console\\Application->run(Object(Symfony\\Component\\Console\\Input\\ArgvInput), Object(Symfony\\Component\\Console\\Output\\ConsoleOutput))
#35 D:\\Materi Kuliah\\Semester 5\\webProg\\Project Akhir\\final\\vendor\\laravel\\framework\\src\\Illuminate\\Foundation\\Console\\Kernel.php(133): Illuminate\\Console\\Application->run(Object(Symfony\\Component\\Console\\Input\\ArgvInput), Object(Symfony\\Component\\Console\\Output\\ConsoleOutput))
#36 D:\\Materi Kuliah\\Semester 5\\webProg\\Project Akhir\\final\\artisan(37): Illuminate\\Foundation\\Console\\Kernel->handle(Object(Symfony\\Component\\Console\\Input\\ArgvInput), Object(Symfony\\Component\\Console\\Output\\ConsoleOutput))
#37 {main}
"} 
[2019-12-07 23:23:24] local.ERROR: SQLSTATE[HY000]: General error: 1005 Can't create table `bjora`.`answers` (errno: 150 "Foreign key constraint is incorrectly formed") (SQL: alter table `answers` add constraint `answers_question_id_foreign` foreign key (`question_id`) references `questions` (`id`)) {"exception":"[object] (Illuminate\\Database\\QueryException(code: HY000): SQLSTATE[HY000]: General error: 1005 Can't create table `bjora`.`answers` (errno: 150 \"Foreign key constraint is incorrectly formed\") (SQL: alter table `answers` add constraint `answers_question_id_foreign` foreign key (`question_id`) references `questions` (`id`)) at D:\\Materi Kuliah\\Semester 5\\webProg\\Project Akhir\\final\\vendor\\laravel\\framework\\src\\Illuminate\\Database\\Connection.php:664, PDOException(code: HY000): SQLSTATE[HY000]: General error: 1005 Can't create table `bjora`.`answers` (errno: 150 \"Foreign key constraint is incorrectly formed\") at D:\\Materi Kuliah\\Semester 5\\webProg\\Project Akhir\\final\\vendor\\laravel\\framework\\src\\Illuminate\\Database\\Connection.php:458)
[stacktrace]
#0 D:\\Materi Kuliah\\Semester 5\\webProg\\Project Akhir\\final\\vendor\\laravel\\framework\\src\\Illuminate\\Database\\Connection.php(624): Illuminate\\Database\\Connection->runQueryCallback('alter table `an...', Array, Object(Closure))
#1 D:\\Materi Kuliah\\Semester 5\\webProg\\Project Akhir\\final\\vendor\\laravel\\framework\\src\\Illuminate\\Database\\Connection.php(459): Illuminate\\Database\\Connection->run('alter table `an...', Array, Object(Closure))
#2 D:\\Materi Kuliah\\Semester 5\\webProg\\Project Akhir\\final\\vendor\\laravel\\framework\\src\\Illuminate\\Database\\Schema\\Blueprint.php(97): Illuminate\\Database\\Connection->statement('alter table `an...')
#3 D:\\Materi Kuliah\\Semester 5\\webProg\\Project Akhir\\final\\vendor\\laravel\\framework\\src\\Illuminate\\Database\\Schema\\Builder.php(278): Illuminate\\Database\\Schema\\Blueprint->build(Object(Illuminate\\Database\\MySqlConnection), Object(Illuminate\\Database\\Schema\\Grammars\\MySqlGrammar))
#4 D:\\Materi Kuliah\\Semester 5\\webProg\\Project Akhir\\final\\vendor\\laravel\\framework\\src\\Illuminate\\Database\\Schema\\Builder.php(167): Illuminate\\Database\\Schema\\Builder->build(Object(Illuminate\\Database\\Schema\\Blueprint))
#5 D:\\Materi Kuliah\\Semester 5\\webProg\\Project Akhir\\final\\vendor\\laravel\\framework\\src\\Illuminate\\Support\\Facades\\Facade.php(239): Illuminate\\Database\\Schema\\Builder->create('answers', Object(Closure))
#6 D:\\Materi Kuliah\\Semester 5\\webProg\\Project Akhir\\final\\database\\migrations\\2019_12_07_120558_create_answers_table.php(24): Illuminate\\Support\\Facades\\Facade::__callStatic('create', Array)
#7 D:\\Materi Kuliah\\Semester 5\\webProg\\Project Akhir\\final\\vendor\\laravel\\framework\\src\\Illuminate\\Database\\Migrations\\Migrator.php(387): CreateAnswersTable->up()
#8 D:\\Materi Kuliah\\Semester 5\\webProg\\Project Akhir\\final\\vendor\\laravel\\framework\\src\\Illuminate\\Database\\Migrations\\Migrator.php(396): Illuminate\\Database\\Migrations\\Migrator->Illuminate\\Database\\Migrations\\{closure}()
#9 D:\\Materi Kuliah\\Semester 5\\webProg\\Project Akhir\\final\\vendor\\laravel\\framework\\src\\Illuminate\\Database\\Migrations\\Migrator.php(197): Illuminate\\Database\\Migrations\\Migrator->runMigration(Object(CreateAnswersTable), 'up')
#10 D:\\Materi Kuliah\\Semester 5\\webProg\\Project Akhir\\final\\vendor\\laravel\\framework\\src\\Illuminate\\Database\\Migrations\\Migrator.php(162): Illuminate\\Database\\Migrations\\Migrator->runUp('D:\\\\Materi Kulia...', 1, false)
#11 D:\\Materi Kuliah\\Semester 5\\webProg\\Project Akhir\\final\\vendor\\laravel\\framework\\src\\Illuminate\\Database\\Migrations\\Migrator.php(109): Illuminate\\Database\\Migrations\\Migrator->runPending(Array, Array)
#12 D:\\Materi Kuliah\\Semester 5\\webProg\\Project Akhir\\final\\vendor\\laravel\\framework\\src\\Illuminate\\Database\\Console\\Migrations\\MigrateCommand.php(71): Illuminate\\Database\\Migrations\\Migrator->run(Array, Array)
#13 [internal function]: Illuminate\\Database\\Console\\Migrations\\MigrateCommand->handle()
#14 D:\\Materi Kuliah\\Semester 5\\webProg\\Project Akhir\\final\\vendor\\laravel\\framework\\src\\Illuminate\\Container\\BoundMethod.php(32): call_user_func_array(Array, Array)
#15 D:\\Materi Kuliah\\Semester 5\\webProg\\Project Akhir\\final\\vendor\\laravel\\framework\\src\\Illuminate\\Container\\BoundMethod.php(90): Illuminate\\Container\\BoundMethod::Illuminate\\Container\\{closure}()
#16 D:\\Materi Kuliah\\Semester 5\\webProg\\Project Akhir\\final\\vendor\\laravel\\framework\\src\\Illuminate\\Container\\BoundMethod.php(34): Illuminate\\Container\\BoundMethod::callBoundMethod(Object(Illuminate\\Foundation\\Application), Array, Object(Closure))
#17 D:\\Materi Kuliah\\Semester 5\\webProg\\Project Akhir\\final\\vendor\\laravel\\framework\\src\\Illuminate\\Container\\Container.php(576): Illuminate\\Container\\BoundMethod::call(Object(Illuminate\\Foundation\\Application), Array, Array, NULL)
#18 D:\\Materi Kuliah\\Semester 5\\webProg\\Project Akhir\\final\\vendor\\laravel\\framework\\src\\Illuminate\\Console\\Command.php(183): Illuminate\\Container\\Container->call(Array)
#19 D:\\Materi Kuliah\\Semester 5\\webProg\\Project Akhir\\final\\vendor\\symfony\\console\\Command\\Command.php(255): Illuminate\\Console\\Command->execute(Object(Symfony\\Component\\Console\\Input\\ArrayInput), Object(Illuminate\\Console\\OutputStyle))
#20 D:\\Materi Kuliah\\Semester 5\\webProg\\Project Akhir\\final\\vendor\\laravel\\framework\\src\\Illuminate\\Console\\Command.php(170): Symfony\\Component\\Console\\Command\\Command->run(Object(Symfony\\Component\\Console\\Input\\ArrayInput), Object(Illuminate\\Console\\OutputStyle))
#21 D:\\Materi Kuliah\\Semester 5\\webProg\\Project Akhir\\final\\vendor\\laravel\\framework\\src\\Illuminate\\Console\\Command.php(198): Illuminate\\Console\\Command->run(Object(Symfony\\Component\\Console\\Input\\ArrayInput), Object(Illuminate\\Console\\OutputStyle))
#22 D:\\Materi Kuliah\\Semester 5\\webProg\\Project Akhir\\final\\vendor\\laravel\\framework\\src\\Illuminate\\Database\\Console\\Migrations\\FreshCommand.php(61): Illuminate\\Console\\Command->call('migrate', Array)
#23 [internal function]: Illuminate\\Database\\Console\\Migrations\\FreshCommand->handle()
#24 D:\\Materi Kuliah\\Semester 5\\webProg\\Project Akhir\\final\\vendor\\laravel\\framework\\src\\Illuminate\\Container\\BoundMethod.php(32): call_user_func_array(Array, Array)
#25 D:\\Materi Kuliah\\Semester 5\\webProg\\Project Akhir\\final\\vendor\\laravel\\framework\\src\\Illuminate\\Container\\BoundMethod.php(90): Illuminate\\Container\\BoundMethod::Illuminate\\Container\\{closure}()
#26 D:\\Materi Kuliah\\Semester 5\\webProg\\Project Akhir\\final\\vendor\\laravel\\framework\\src\\Illuminate\\Container\\BoundMethod.php(34): Illuminate\\Container\\BoundMethod::callBoundMethod(Object(Illuminate\\Foundation\\Application), Array, Object(Closure))
#27 D:\\Materi Kuliah\\Semester 5\\webProg\\Project Akhir\\final\\vendor\\laravel\\framework\\src\\Illuminate\\Container\\Container.php(576): Illuminate\\Container\\BoundMethod::call(Object(Illuminate\\Foundation\\Application), Array, Array, NULL)
#28 D:\\Materi Kuliah\\Semester 5\\webProg\\Project Akhir\\final\\vendor\\laravel\\framework\\src\\Illuminate\\Console\\Command.php(183): Illuminate\\Container\\Container->call(Array)
#29 D:\\Materi Kuliah\\Semester 5\\webProg\\Project Akhir\\final\\vendor\\symfony\\console\\Command\\Command.php(255): Illuminate\\Console\\Command->execute(Object(Symfony\\Component\\Console\\Input\\ArgvInput), Object(Illuminate\\Console\\OutputStyle))
#30 D:\\Materi Kuliah\\Semester 5\\webProg\\Project Akhir\\final\\vendor\\laravel\\framework\\src\\Illuminate\\Console\\Command.php(170): Symfony\\Component\\Console\\Command\\Command->run(Object(Symfony\\Component\\Console\\Input\\ArgvInput), Object(Illuminate\\Console\\OutputStyle))
#31 D:\\Materi Kuliah\\Semester 5\\webProg\\Project Akhir\\final\\vendor\\symfony\\console\\Application.php(1011): Illuminate\\Console\\Command->run(Object(Symfony\\Component\\Console\\Input\\ArgvInput), Object(Symfony\\Component\\Console\\Output\\ConsoleOutput))
#32 D:\\Materi Kuliah\\Semester 5\\webProg\\Project Akhir\\final\\vendor\\symfony\\console\\Application.php(272): Symfony\\Component\\Console\\Application->doRunCommand(Object(Illuminate\\Database\\Console\\Migrations\\FreshCommand), Object(Symfony\\Component\\Console\\Input\\ArgvInput), Object(Symfony\\Component\\Console\\Output\\ConsoleOutput))
#33 D:\\Materi Kuliah\\Semester 5\\webProg\\Project Akhir\\final\\vendor\\symfony\\console\\Application.php(148): Symfony\\Component\\Console\\Application->doRun(Object(Symfony\\Component\\Console\\Input\\ArgvInput), Object(Symfony\\Component\\Console\\Output\\ConsoleOutput))
#34 D:\\Materi Kuliah\\Semester 5\\webProg\\Project Akhir\\final\\vendor\\laravel\\framework\\src\\Illuminate\\Console\\Application.php(90): Symfony\\Component\\Console\\Application->run(Object(Symfony\\Component\\Console\\Input\\ArgvInput), Object(Symfony\\Component\\Console\\Output\\ConsoleOutput))
#35 D:\\Materi Kuliah\\Semester 5\\webProg\\Project Akhir\\final\\vendor\\laravel\\framework\\src\\Illuminate\\Foundation\\Console\\Kernel.php(133): Illuminate\\Console\\Application->run(Object(Symfony\\Component\\Console\\Input\\ArgvInput), Object(Symfony\\Component\\Console\\Output\\ConsoleOutput))
#36 D:\\Materi Kuliah\\Semester 5\\webProg\\Project Akhir\\final\\artisan(37): Illuminate\\Foundation\\Console\\Kernel->handle(Object(Symfony\\Component\\Console\\Input\\ArgvInput), Object(Symfony\\Component\\Console\\Output\\ConsoleOutput))
#37 {main}
"} 
